<?xml version="1.0" encoding="UTF-8"?>
<!-- Generated by org.testng.reporters.JUnitReportReporter -->
<testsuite hostname="LIN-5CG0113H3C" failures="0" tests="2" name="testCases.TC001_SignInUser" time="6.648" errors="0" timestamp="2025-06-09T17:10:37 IST" skipped="0">
  <testcase classname="testCases.TC001_SignInUser" name="validateLoginPage" time="0.035"/>
  <testcase classname="testCases.TC001_SignInUser" name="signIn" time="6.613"/>
</testsuite> <!-- testCases.TC001_SignInUser -->
