<?xml version="1.0" encoding="UTF-8"?>
<!-- Generated by org.testng.reporters.JUnitReportReporter -->
<testsuite hostname="LIN-5CG0113H3C" failures="0" tests="2" name="testCases.TC002_ValidateFuntionalityofCommercialPage" time="7.571" errors="0" timestamp="2025-06-09T17:10:37 IST" skipped="0">
  <testcase classname="testCases.TC002_ValidateFuntionalityofCommercialPage" name="verifyCommertialPage" time="4.645"/>
  <testcase classname="testCases.TC002_ValidateFuntionalityofCommercialPage" name="verifyTenantPortal" time="2.926"/>
</testsuite> <!-- testCases.TC002_ValidateFuntionalityofCommercialPage -->
